Unity Editor version:    2020.3.25f1 (9b9180224418)
Branch:                  2020.3/staging
Build type:              Release
Batch mode:              YES
macOS version:           Version 13.2 (Build 22D49)
Darwin version:          22.3.0
Architecture:            x86_64
Running under Rosetta:   YES
Available memory:        16384 MB
Using pre-set license
Pro License: NO

COMMAND LINE ARGUMENTS:
/Applications/Unity/Hub/Editor/2020.3.25f1/Unity.app/Contents/MacOS/Unity
-adb2
-batchMode
-noUpm
-name
AssetImportWorker0
-projectPath
/Users/yeeksheng/Moblima
-logFile
Logs/AssetImportWorker0.log
-srvPort
56048
Successfully changed project path to: /Users/yeeksheng/Moblima
/Users/yeeksheng/Moblima
Using Asset Import Pipeline V2.
Refreshing native plugins compatible for Editor in 127.13 ms, found 3 plugins.
Preloading 1 native plugins for Editor in 10.40 ms.
Initialize engine version: 2020.3.25f1 (9b9180224418)
[Subsystems] Discovering subsystems at path /Applications/Unity/Hub/Editor/2020.3.25f1/Unity.app/Contents/Resources/UnitySubsystems
[Subsystems] Discovering subsystems at path /Users/yeeksheng/Moblima/Assets
GfxDevice: creating device client; threaded=0
2023-02-26 21:39:54.763 Unity[64314:822202] (null) preferred device: Apple M1 (high power)
2023-02-26 21:39:54.763 Unity[64314:822202] Metal devices available: 1
2023-02-26 21:39:54.764 Unity[64314:822202] 0: Apple M1 (high power)
2023-02-26 21:39:54.764 Unity[64314:822202] Using device Apple M1 (high power)
Initializing Metal device caps: Apple M1
Initialize mono
Mono path[0] = '/Applications/Unity/Hub/Editor/2020.3.25f1/Unity.app/Contents/Managed'
Mono path[1] = '/Applications/Unity/Hub/Editor/2020.3.25f1/Unity.app/Contents/MonoBleedingEdge/lib/mono/unityjit'
Mono config path = '/Applications/Unity/Hub/Editor/2020.3.25f1/Unity.app/Contents/MonoBleedingEdge/etc'
Using monoOptions --debugger-agent=transport=dt_socket,embedding=1,server=y,suspend=n,address=127.0.0.1:56314
Begin MonoManager ReloadAssembly
Registering precompiled unity dll's ...
Register platform support module: /Applications/Unity/Hub/Editor/2020.3.25f1/Unity.app/Contents/PlaybackEngines/MacStandaloneSupport/UnityEditor.OSXStandalone.Extensions.dll
Registered in 0.002174 seconds.
Native extension for OSXStandalone target not found
Refreshing native plugins compatible for Editor in 106.00 ms, found 3 plugins.
Preloading 1 native plugins for Editor in 0.38 ms.
Mono: successfully reloaded assembly
- Completed reload, in  1.769 seconds
Domain Reload Profiling:
	ReloadAssembly (1770ms)
		BeginReloadAssembly (106ms)
			ExecutionOrderSort (0ms)
			DisableScriptedObjects (0ms)
			BackupInstance (0ms)
			ReleaseScriptingObjects (0ms)
			CreateAndSetChildDomain (4ms)
		EndReloadAssembly (1496ms)
			LoadAssemblies (102ms)
			RebuildTransferFunctionScriptingTraits (0ms)
			SetupTypeCache (250ms)
			ReleaseScriptCaches (0ms)
			RebuildScriptCaches (55ms)
			SetupLoadedEditorAssemblies (771ms)
				LogAssemblyErrors (0ms)
				InitializePlatformSupportModulesInManaged (16ms)
				SetLoadedEditorAssemblies (1ms)
				RefreshPlugins (106ms)
				BeforeProcessingInitializeOnLoad (32ms)
				ProcessInitializeOnLoadAttributes (455ms)
				ProcessInitializeOnLoadMethodAttributes (158ms)
				AfterProcessingInitializeOnLoad (0ms)
				EditorAssembliesLoaded (1ms)
			ExecutionOrderSort2 (0ms)
			AwakeInstancesAfterBackupRestoration (0ms)
Platform modules already initialized, skipping
Registering precompiled user dll's ...
Registered in 0.009633 seconds.
Begin MonoManager ReloadAssembly
Native extension for OSXStandalone target not found
Refreshing native plugins compatible for Editor in 121.16 ms, found 3 plugins.
Preloading 1 native plugins for Editor in 0.47 ms.
Mono: successfully reloaded assembly
- Completed reload, in  4.067 seconds
Domain Reload Profiling:
	ReloadAssembly (4070ms)
		BeginReloadAssembly (340ms)
			ExecutionOrderSort (0ms)
			DisableScriptedObjects (46ms)
			BackupInstance (0ms)
			ReleaseScriptingObjects (0ms)
			CreateAndSetChildDomain (41ms)
		EndReloadAssembly (3602ms)
			LoadAssemblies (278ms)
			RebuildTransferFunctionScriptingTraits (0ms)
			SetupTypeCache (608ms)
			ReleaseScriptCaches (1ms)
			RebuildScriptCaches (122ms)
			SetupLoadedEditorAssemblies (2118ms)
				LogAssemblyErrors (0ms)
				InitializePlatformSupportModulesInManaged (16ms)
				SetLoadedEditorAssemblies (0ms)
				RefreshPlugins (122ms)
				BeforeProcessingInitializeOnLoad (263ms)
				ProcessInitializeOnLoadAttributes (1644ms)
				ProcessInitializeOnLoadMethodAttributes (71ms)
				AfterProcessingInitializeOnLoad (1ms)
				EditorAssembliesLoaded (0ms)
			ExecutionOrderSort2 (0ms)
			AwakeInstancesAfterBackupRestoration (46ms)
Platform modules already initialized, skipping
Validating Project structure ... 0.011558 seconds.
Shader import version has changed; will reimport all shaders...
Upgrading shader files ...0.032261 seconds.
Application.AssetDatabase Initial Script Refresh Start
RefreshInfo: InitialScriptRefreshV2(NoUpdateAssetOptions) scanfilter:  ... 1 filters
RefreshProfiler: Total: 0.000ms
Application.AssetDatabase Initial Script Refresh End
Application.AssetDatabase.Refresh Start
Application.AssetDatabase.Refresh End
RefreshInfo: StopAssetImportingV2(ForceSynchronousImport) scanfilter: 
RefreshProfiler: Total: 0.000ms
Launching external process: /Applications/Unity/Hub/Editor/2020.3.25f1/Unity.app/Contents/Tools/UnityShaderCompiler
Launched and connected shader compiler UnityShaderCompiler after 0.05 seconds
Initializing Unity extensions:
2023-02-26 21:40:04.139 Unity[64314:822202] NSEventModifierFlagFunction specified to -setKeyEquivalentModifierMask: for item <NSMenuItem: 0x7f830d10c530 Font Asset, ke='Command-F12'>, but is only supported for system-provided menu items; will not be used
2023-02-26 21:40:04.147 Unity[64314:822202] NSEventModifierFlagFunction specified to -setKeyEquivalentModifierMask: for item <NSMenuItem: 0x7f830d144ff0 Font Asset, ke='Command-F12'>, but is only supported for system-provided menu items; will not be used
========================================================================
Worker process is ready to serve import requests
Refreshing native plugins compatible for Editor in 1.37 ms, found 3 plugins.
Preloading 1 native plugins for Editor in 0.42 ms.
Unloading 3996 Unused Serialized files (Serialized files now loaded: 0)
System memory in use before: 174.0 MB.
System memory in use after: 173.9 MB.

Unloading 380 unused Assets to reduce memory usage. Loaded Objects now: 4484.
Total: 4.504709 ms (FindLiveObjects: 0.292041 ms CreateObjectMapping: 0.168292 ms MarkObjects: 3.682167 ms  DeleteObjects: 0.360542 ms)

AssetImportParameters requested are different than current active one (requested -> active):
  custom:video-decoder-ogg-theora: a1e56fd34408186e4bbccfd4996cb3dc -> 
  custom:container-muxer-webm: aa71ff27fc2769a1b78a27578f13a17b -> 
  custom:container-demuxer-webm: 4f35f7cbe854078d1ac9338744f61a02 -> 
  custom:container-demuxer-ogg: 62fdf1f143b41e24485cea50d1cbac27 -> 
  custom:video-encoder-webm-vp8: eb34c28f22e8b96e1ab97ce403110664 -> 
  custom:framework-osx-AVFoundation: e770b220cccbd017edd2c1fefb359320 -> 
  custom:video-decoder-webm-vp8: 9c59270c3fd7afecdb556c50c9e8de78 -> 
  custom:audio-decoder-ogg-vorbis: bf7c407c2cedff20999df2af8eb42d56 -> 
  custom:audio-encoder-webm-vorbis: bf7c407c2cedff20999df2af8eb42d56 -> 
========================================================================
Received Import Request.
  path: Assets/Materials/cobblestone_floor_13_diff_2k.mat
  artifactKey: Guid(b4cb79f55708a9e4597a7c83f7f83590) Importer(815301076,1909f56bfc062723c751e8b465ee728b)
Start importing Assets/Materials/cobblestone_floor_13_diff_2k.mat using Guid(b4cb79f55708a9e4597a7c83f7f83590) Importer(815301076,1909f56bfc062723c751e8b465ee728b)  -> (artifact id: 'f934817ee0a1dfadd36fb7605eb2237b') in 0.937779 seconds 
  Import took 0.949442 seconds .

========================================================================
Received Import Request.
  Time since last request: 0.001433 seconds.
  path: Assets/Materials/grassy_cobblestone_diff_2k.mat
  artifactKey: Guid(b1e416137f8543845a14efbf0c32bf59) Importer(815301076,1909f56bfc062723c751e8b465ee728b)
Start importing Assets/Materials/grassy_cobblestone_diff_2k.mat using Guid(b1e416137f8543845a14efbf0c32bf59) Importer(815301076,1909f56bfc062723c751e8b465ee728b)  -> (artifact id: '73643cf470e52005d4dc513c37abcecf') in 0.027545 seconds 
  Import took 0.035886 seconds .

========================================================================
Received Import Request.
  Time since last request: 0.000305 seconds.
  path: Assets/Models/Hats/PillboxHat.fbx
  artifactKey: Guid(565e3543feaac1b408a41f8c0d67febd) Importer(815301076,1909f56bfc062723c751e8b465ee728b)
Start importing Assets/Models/Hats/PillboxHat.fbx using Guid(565e3543feaac1b408a41f8c0d67febd) Importer(815301076,1909f56bfc062723c751e8b465ee728b)  -> (artifact id: '1cdf75729233968c08e196182b38d543') in 0.281328 seconds 
  Import took 0.291964 seconds .

========================================================================
Received Import Request.
  Time since last request: 0.000300 seconds.
  path: Assets/Models/Hats/ShowerCap.fbx
  artifactKey: Guid(c49b578c54f48fd47aca6b1eda6be743) Importer(815301076,1909f56bfc062723c751e8b465ee728b)
Start importing Assets/Models/Hats/ShowerCap.fbx using Guid(c49b578c54f48fd47aca6b1eda6be743) Importer(815301076,1909f56bfc062723c751e8b465ee728b)  -> (artifact id: '52c5fc8b3fb3748780f9f4cd8a170da1') in 0.053990 seconds 
  Import took 0.061140 seconds .

========================================================================
Received Import Request.
  Time since last request: 0.000271 seconds.
  path: Assets/Materials/red_laterite_soil_stones_diff_2k.mat
  artifactKey: Guid(fb647e9a3e8dd7f48a3a167de80da96a) Importer(815301076,1909f56bfc062723c751e8b465ee728b)
Start importing Assets/Materials/red_laterite_soil_stones_diff_2k.mat using Guid(fb647e9a3e8dd7f48a3a167de80da96a) Importer(815301076,1909f56bfc062723c751e8b465ee728b)  -> (artifact id: '9b4967174308464ffa35e727f1ea0bcf') in 0.012380 seconds 
  Import took 0.019457 seconds .

========================================================================
Received Import Request.
  Time since last request: 0.000260 seconds.
  path: Assets/Models/Hats/PoliceCap.fbx
  artifactKey: Guid(cf015317a103ab34483db3f2dc6f0f59) Importer(815301076,1909f56bfc062723c751e8b465ee728b)
Start importing Assets/Models/Hats/PoliceCap.fbx using Guid(cf015317a103ab34483db3f2dc6f0f59) Importer(815301076,1909f56bfc062723c751e8b465ee728b)  -> (artifact id: '67a34da88109ca7662c43c32ff8483d1') in 0.059765 seconds 
  Import took 0.067159 seconds .

========================================================================
Received Import Request.
  Time since last request: 0.000289 seconds.
  path: Assets/Materials/Materials/cobblestone_floor_04_diff_2k.mat
  artifactKey: Guid(98c9489e48ed67445b74043e6f32fc2e) Importer(815301076,1909f56bfc062723c751e8b465ee728b)
Start importing Assets/Materials/Materials/cobblestone_floor_04_diff_2k.mat using Guid(98c9489e48ed67445b74043e6f32fc2e) Importer(815301076,1909f56bfc062723c751e8b465ee728b)  -> (artifact id: 'a30ba32add8c77e75ce1e2f188e581d6') in 0.015050 seconds 
  Import took 0.022174 seconds .

========================================================================
Received Import Request.
  Time since last request: 0.000258 seconds.
  path: Assets/Materials/Cobblestone2.mat
  artifactKey: Guid(227de3fcdb6cf7247ac8fed87b7a99c7) Importer(815301076,1909f56bfc062723c751e8b465ee728b)
Start importing Assets/Materials/Cobblestone2.mat using Guid(227de3fcdb6cf7247ac8fed87b7a99c7) Importer(815301076,1909f56bfc062723c751e8b465ee728b)  -> (artifact id: '12dec91197236b15dc09ef3bc2950308') in 0.050932 seconds 
  Import took 0.059506 seconds .

========================================================================
Received Import Request.
  Time since last request: 0.000224 seconds.
  path: Assets/Materials/Cobblestone.mat
  artifactKey: Guid(616a173407e40af49af1dced69aebaaf) Importer(815301076,1909f56bfc062723c751e8b465ee728b)
Start importing Assets/Materials/Cobblestone.mat using Guid(616a173407e40af49af1dced69aebaaf) Importer(815301076,1909f56bfc062723c751e8b465ee728b)  -> (artifact id: '0c8088e0dde78d9c34a840e0b7954010') in 0.092351 seconds 
  Import took 0.100322 seconds .

========================================================================
Received Import Request.
  Time since last request: 0.000229 seconds.
  path: Assets/Models/Hats/PajamaHat.fbx
  artifactKey: Guid(1e46f1bfa8a3e6f4c89441c63032e7f4) Importer(815301076,1909f56bfc062723c751e8b465ee728b)
Start importing Assets/Models/Hats/PajamaHat.fbx using Guid(1e46f1bfa8a3e6f4c89441c63032e7f4) Importer(815301076,1909f56bfc062723c751e8b465ee728b)  -> (artifact id: '63107bd8562a40d7dfa7d95987f0af59') in 0.058941 seconds 
  Import took 0.066095 seconds .

========================================================================
Received Import Request.
  Time since last request: 0.000282 seconds.
  path: Assets/Models/Hats/MagicianHat.fbx
  artifactKey: Guid(06c4131835f65024586454416f6b1f66) Importer(815301076,1909f56bfc062723c751e8b465ee728b)
Start importing Assets/Models/Hats/MagicianHat.fbx using Guid(06c4131835f65024586454416f6b1f66) Importer(815301076,1909f56bfc062723c751e8b465ee728b)  -> (artifact id: '03a771dfe832623a491ec16b55f15c93') in 0.037944 seconds 
  Import took 0.044983 seconds .

========================================================================
Received Import Request.
  Time since last request: 0.000267 seconds.
  path: Assets/Materials/Materials/cobblestone_floor_08_diff_2k.mat
  artifactKey: Guid(525a0cf0cf6dd204485cc5a9b57e05aa) Importer(815301076,1909f56bfc062723c751e8b465ee728b)
Start importing Assets/Materials/Materials/cobblestone_floor_08_diff_2k.mat using Guid(525a0cf0cf6dd204485cc5a9b57e05aa) Importer(815301076,1909f56bfc062723c751e8b465ee728b)  -> (artifact id: 'dce8e9b5552c8b82150566639348e2cd') in 0.013005 seconds 
  Import took 0.020147 seconds .

========================================================================
Received Import Request.
  Time since last request: 0.000252 seconds.
  path: Assets/Models/Hats/Mustache.fbx
  artifactKey: Guid(67f444199e01f7341adb39837f8c9ba2) Importer(815301076,1909f56bfc062723c751e8b465ee728b)
Start importing Assets/Models/Hats/Mustache.fbx using Guid(67f444199e01f7341adb39837f8c9ba2) Importer(815301076,1909f56bfc062723c751e8b465ee728b)  -> (artifact id: '2e1581a21664ab28d9be576f0d7bedd7') in 0.048434 seconds 
  Import took 0.055940 seconds .

========================================================================
Received Import Request.
  Time since last request: 0.000243 seconds.
  path: Assets/Models/Hats/MinerHat.fbx
  artifactKey: Guid(a9853556c4fc4d44087cd153918f7305) Importer(815301076,1909f56bfc062723c751e8b465ee728b)
Start importing Assets/Models/Hats/MinerHat.fbx using Guid(a9853556c4fc4d44087cd153918f7305) Importer(815301076,1909f56bfc062723c751e8b465ee728b)  -> (artifact id: '196dcec5166f4341098ba6fa2a95033c') in 0.056753 seconds 
  Import took 0.064954 seconds .

========================================================================
Received Import Request.
  Time since last request: 0.000272 seconds.
  path: Assets/Materials/Materials/cobblestone_floor_08_rough_2k.mat
  artifactKey: Guid(2fac4486216c423428677e482811a0d4) Importer(815301076,1909f56bfc062723c751e8b465ee728b)
Start importing Assets/Materials/Materials/cobblestone_floor_08_rough_2k.mat using Guid(2fac4486216c423428677e482811a0d4) Importer(815301076,1909f56bfc062723c751e8b465ee728b)  -> (artifact id: 'b0c0a853994e5537c44208a7ebadf816') in 0.014428 seconds 
  Import took 0.021893 seconds .

========================================================================
Received Import Request.
  Time since last request: 0.000240 seconds.
  path: Assets/Models/Hats/CowboyHat.fbx
  artifactKey: Guid(a0dfaf0497ab5334a99165f16b697e6e) Importer(815301076,1909f56bfc062723c751e8b465ee728b)
Start importing Assets/Models/Hats/CowboyHat.fbx using Guid(a0dfaf0497ab5334a99165f16b697e6e) Importer(815301076,1909f56bfc062723c751e8b465ee728b)  -> (artifact id: 'cc0432c7cce0e1b526f6d8337cca2d14') in 0.047614 seconds 
  Import took 0.055620 seconds .

========================================================================
Received Import Request.
  Time since last request: 0.000301 seconds.
  path: Assets/Materials/Materials/cobblestone_floor_04_rough_2k.mat
  artifactKey: Guid(2e98545ed28f176478ab41245d39b749) Importer(815301076,1909f56bfc062723c751e8b465ee728b)
Start importing Assets/Materials/Materials/cobblestone_floor_04_rough_2k.mat using Guid(2e98545ed28f176478ab41245d39b749) Importer(815301076,1909f56bfc062723c751e8b465ee728b)  -> (artifact id: 'f022b75eda9e82804a32cb95096381c8') in 0.017187 seconds 
  Import took 0.024679 seconds .

========================================================================
Received Import Request.
  Time since last request: 17.014839 seconds.
  path: Assets/Sky/UnearthlyRed4k.hdr
  artifactKey: Guid(a3de28b69b48944438c87668bd722ae7) Importer(815301076,1909f56bfc062723c751e8b465ee728b)
Start importing Assets/Sky/UnearthlyRed4k.hdr using Guid(a3de28b69b48944438c87668bd722ae7) Importer(815301076,1909f56bfc062723c751e8b465ee728b)  -> (artifact id: '07496b2b9b54bbcde31e48311aeba6bf') in 0.580242 seconds 
  Import took 0.591681 seconds .

========================================================================
Received Import Request.
  Time since last request: 255.327449 seconds.
  path: Assets/Sky/SkySeries Freebie
  artifactKey: Guid(e036c107be9ad4760a3ff115c1b787cd) Importer(815301076,1909f56bfc062723c751e8b465ee728b)
Start importing Assets/Sky/SkySeries Freebie using Guid(e036c107be9ad4760a3ff115c1b787cd) Importer(815301076,1909f56bfc062723c751e8b465ee728b)  -> (artifact id: 'cc57e1deb9c16a6eea9c58e117de003e') in 0.002779 seconds 
  Import took 0.036860 seconds .

========================================================================
Received Import Request.
  Time since last request: 7.779913 seconds.
  path: Assets/Sky/SkySeries Freebie/ExampleScenes
  artifactKey: Guid(86425fc531d96d146b84220a347e07f7) Importer(815301076,1909f56bfc062723c751e8b465ee728b)
Start importing Assets/Sky/SkySeries Freebie/ExampleScenes using Guid(86425fc531d96d146b84220a347e07f7) Importer(815301076,1909f56bfc062723c751e8b465ee728b)  -> (artifact id: '74ddda0d4083238ebad6d98a669a175f') in 0.001821 seconds 
  Import took 0.011106 seconds .

========================================================================
Received Import Request.
  Time since last request: 2.546169 seconds.
  path: Assets/Sky/SkySeries Freebie/FreebieHdri
  artifactKey: Guid(d78fe5a22bec38d43bbe7e846ac3925a) Importer(815301076,1909f56bfc062723c751e8b465ee728b)
Start importing Assets/Sky/SkySeries Freebie/FreebieHdri using Guid(d78fe5a22bec38d43bbe7e846ac3925a) Importer(815301076,1909f56bfc062723c751e8b465ee728b)  -> (artifact id: '147fe7560c84c2b5ee4bc990834f537c') in 0.001356 seconds 
  Import took 0.010487 seconds .

========================================================================
Received Import Request.
  Time since last request: 4.757192 seconds.
  path: Assets/Sky/SkySeries Freebie/FreebieHdri/UnearthlyRed4k.hdr
  artifactKey: Guid(88ad6cabe4df24bbd92248d0635ef59f) Importer(815301076,1909f56bfc062723c751e8b465ee728b)
Start importing Assets/Sky/SkySeries Freebie/FreebieHdri/UnearthlyRed4k.hdr using Guid(88ad6cabe4df24bbd92248d0635ef59f) Importer(815301076,1909f56bfc062723c751e8b465ee728b)  -> (artifact id: '9960f826f246b889ede905d5e4395dc2') in 0.085787 seconds 
  Import took 0.095340 seconds .

========================================================================
Received Import Request.
  Time since last request: 0.780247 seconds.
  path: Assets/Sky/SkySeries Freebie/FreebieHdri/Materials
  artifactKey: Guid(aa353a95d4adc41f280a07029b0811d7) Importer(815301076,1909f56bfc062723c751e8b465ee728b)
Start importing Assets/Sky/SkySeries Freebie/FreebieHdri/Materials using Guid(aa353a95d4adc41f280a07029b0811d7) Importer(815301076,1909f56bfc062723c751e8b465ee728b)  -> (artifact id: 'abc17b63217c2c8b2dba31e9bd28ca45') in 0.002051 seconds 
  Import took 0.011108 seconds .

========================================================================
Received Import Request.
  Time since last request: 18.020994 seconds.
  path: Assets/Sky/SkySeries Freebie/Hdri setup.txt
  artifactKey: Guid(add36ebe5ee5af347a876cdf41d00709) Importer(815301076,1909f56bfc062723c751e8b465ee728b)
Start importing Assets/Sky/SkySeries Freebie/Hdri setup.txt using Guid(add36ebe5ee5af347a876cdf41d00709) Importer(815301076,1909f56bfc062723c751e8b465ee728b)  -> (artifact id: '36d2b864dd0b09bef315c210d20e3257') in 1.420786 seconds 
  Import took 1.431367 seconds .

